<?xml version="1.0" encoding="UTF-8"?>
<!-- Generated by org.testng.reporters.JUnitReportReporter -->
<testsuite hostname="DESKTOP-FJGHUJB" failures="0" tests="1" name="Com.Naukari.QA.Com.Naukari.QA.POM.LoginLogout" time="29.228" errors="0" timestamp="26 Dec 2022 17:39:26 GMT">
  <testcase classname="Com.Naukari.QA.Com.Naukari.QA.POM.LoginLogout" name="main" time="29.228"/>
</testsuite>
