<?xml version="1.0" encoding="UTF-8"?>
<!-- Generated by org.testng.reporters.JUnitReportReporter -->
<testsuite hostname="DESKTOP-FJGHUJB" failures="0" tests="1" name="Com.Naukari.QA.Com.Naukari.QA.POM.ShinePune" time="27.705" errors="0" timestamp="27 Dec 2022 04:43:58 GMT">
  <testcase classname="Com.Naukari.QA.Com.Naukari.QA.POM.ShinePune" name="main" time="27.705"/>
</testsuite>
