<?xml version="1.0" encoding="UTF-8"?>
<!-- Generated by org.testng.reporters.JUnitReportReporter -->
<testsuite hostname="DESKTOP-FJGHUJB" failures="0" tests="1" name="Com.Naukari.QA.Com.Naukari.QA.POM.LoginLogOutBengluru" time="48.412" errors="0" timestamp="27 Dec 2022 03:46:51 GMT">
  <testcase classname="Com.Naukari.QA.Com.Naukari.QA.POM.LoginLogOutBengluru" name="main" time="48.412"/>
</testsuite>
