<?xml version="1.0" encoding="UTF-8"?>
<!-- Generated by org.testng.reporters.JUnitReportReporter -->
<testsuite hostname="DESKTOP-FJGHUJB" failures="0" tests="1" name="Com.Naukari.QA.Com.Naukari.QA.POM.LoginLogOutBengluru" time="27.402" errors="0" timestamp="26 Dec 2022 20:05:42 GMT">
  <testcase classname="Com.Naukari.QA.Com.Naukari.QA.POM.LoginLogOutBengluru" name="main" time="27.402"/>
</testsuite>
